Fetching block at height 756951 from local node...
Block Hash:    0000000000000000000000005d6f06154c8685146aa7bc3dc9843876c9cefd0f
Block Version: 541065216
Block Time:    1664846893
Block Nonce:   3240300428

Coinbase TXID: f090798537b004bb4628315cdc561074d3aa36c319c45b562caebcecd2425056

Coinbase TX hex:
01000000010000000000000000000000000000000000000000000000000000000000000000ffffffff4e03d78c0b11627463636f6d38393073003303bcc4d6effabe6d6d5b0438162c9dc89e1763746218d40c9ee2eeb39cf26457c9a7e038c004fb7676040000000000000000006636b505000000000000ffffffff040260d1250000000017a91435fe8eea72c226a327ef7136789304868fb59d2a870000000000000000266a24aa21a9ed918ebeba4fcabf4a94a1fdc4bfbab7f3b1eea375c4a44fa8198f0ebb8c31b37e0000000000000000266a24b9e11b6d00789fdfc5b62cfd877ac4a84b6c27983d82cee77c5d4a5d06a5da5e2f027af400000000000000002b6a2952534b424c4f434b3a568e09ea5de1b86a40666f3f1d0df976c04c7fa0fc7846a01846042f00478dee00000000

enonce2 offset: 30
enonce2 (8 bytes): 00000000000000ff
enonce1 offset: 26
enonce1 (4 bytes): 00000000

Calculated Merkle Root: 62c46f1efadf6e39b7463e5362bb552cba98f74a80a58378ff5194c7b058005a
Block's Merkle Root:    62c46f1efadf6e39b7463e5362bb552cba98f74a80a58378ff5194c7b058005a

Merkle Proof Verification:
Valid: True
Recalculated root: 62c46f1efadf6e39b7463e5362bb552cba98f74a80a58378ff5194c7b058005a

mining.notify message:
{
  "id": null,
  "method": "mining.notify",
  "params": [
    "job123",
    "678d915465fc1016ddb5acc9e1306db4da9451c200050da00000000000000000",
    "0100000001000000000000000000000000000000000000000000",
    "ffffff4e03d78c0b11627463636f6d38393073003303bcc4d6effabe6d6d5b0438162c9dc89e1763746218d40c9ee2eeb39cf26457c9a7e038c004fb7676040000000000000000006636b505000000000000ffffffff040260d1250000000017a91435fe8eea72c226a327ef7136789304868fb59d2a870000000000000000266a24aa21a9ed918ebeba4fcabf4a94a1fdc4bfbab7f3b1eea375c4a44fa8198f0ebb8c31b37e0000000000000000266a24b9e11b6d00789fdfc5b62cfd877ac4a84b6c27983d82cee77c5d4a5d06a5da5e2f027af400000000000000002b6a2952534b424c4f434b3a568e09ea5de1b86a40666f3f1d0df976c04c7fa0fc7846a01846042f00478dee00000000",
    [
      "9635766aeb70c097e21e61fdb5a441d29a85d202475de95f27ef72f9123fd125",
      "cf7baa8e6df6d6c4f5f46c2ecb87e85ff8ea375e57ffc043a64cffc7b4e019e3",
      "0a85fcd2ee27dc2954edd367c916293af6d2bdfb2cad88b1f5534cf69d8e5c4b",
      "702bf681bf7babcb01874de350ed41a06975340a6d312018b5e4ed7664220fa2",
      "085ee516ea00834c92c5ebaf957ecaa34d263a98b6bb7072567fe24b767e6c02",
      "6f24b2191718616146bf88ec524c751d5e8199e6211684253c323d6920882c80",
      "a33c3ea8d02826b482581350886e0039658607470096bc7ae0cbc09bde69f535",
      "3ee5c36837627d71c629cd8c746259fe9fd699d56eda935a022eb26b31841afb",
      "5fc7ad728b45ceda62aeb7bf7ceb3fe261b2d4b009d10adeaee11b84c4170a2c",
      "5e76234a7439f0a42a75aa7380efcf9d5c3efe2bb673d7499772d9d384ec5a35",
      "1029bdc0f2de108a0454e5d12287b63697cfaddfdd31193784718f846a031846",
      "4e928dfcb82197422fdf5738fba297212282eebd1e49991c1cd6e8982b812fee"
    ],
    "20000000",
    "1708f9ae",
    "633b8c2d",
    true
  ]
}

mining.submit message:
{
  "id": 1,
  "method": "mining.submit",
  "params": [
    "myMiner",
    "job123",
    "00000000000000ff",
    "633b8c2d",
    "c1230f8c",
    "00400000"
  ]
}

Reconstructing final block hash...
Reconstructed Coinbase TXID (BE): f090798537b004bb4628315cdc561074d3aa36c319c45b562caebcecd2425056
Reconstructed Merkle Root (BE):   62c46f1efadf6e39b7463e5362bb552cba98f74a80a58378ff5194c7b058005a
Reconstructed Block Hash (BE):    0000000000000000000000005d6f06154c8685146aa7bc3dc9843876c9cefd0f
Actual Block Hash from Node:        0000000000000000000000005d6f06154c8685146aa7bc3dc9843876c9cefd0f
SUCCESS: Reconstructed block hash matches the actual block hash!
